<?xml version="1.0" encoding="UTF-8"?>
<persistence xmlns="http://java.sun.com/xml/ns/persistence" version="1.0">
  <persistence-unit name="testPU" transaction-type="RESOURCE_LOCAL">
    <provider>org.hibernate.ejb.HibernatePersistence</provider>
    <class>info.toshim.finanzieren.domain.Wallet</class>
    <class>info.toshim.finanzieren.domain.Category</class>
    <class>info.toshim.finanzieren.domain.Kind</class>
    <class>info.toshim.finanzieren.domain.Currency</class>
    <properties>
      <property name="hibernate.connection.useUnicode" value="true" />
      <property name="hibernate.connection.characterEncoding" value="UTF-8" />
      <property name="hibernate.hbm2ddl.auto" value="create-drop" />
      <property name="hibernate.show_sql" value="true" />
    </properties>
  </persistence-unit>
</persistence>